GROUP,PACKAGE,CLASS,INSTRUCTION_MISSED,INSTRUCTION_COVERED,BRANCH_MISSED,BRANCH_COVERED,LINE_MISSED,LINE_COVERED,COMPLEXITY_MISSED,COMPLEXITY_COVERED,METHOD_MISSED,METHOD_COVERED
medicalRecordPatient,com.mediscreen.medicalRecordPatient,MedicalRecordPatientApplication,5,294,0,0,2,31,1,2,1,2
medicalRecordPatient,com.mediscreen.medicalRecordPatient.model,MedicalRecordPatient,196,48,38,0,1,12,24,10,5,10
medicalRecordPatient,com.mediscreen.medicalRecordPatient.controller,MedicalRecordPatientController,9,57,0,0,2,10,1,5,1,5
medicalRecordPatient,com.mediscreen.medicalRecordPatient.service,MedicalRecordPatientService,36,66,6,6,4,16,7,7,1,7
medicalRecordPatient,com.mediscreen.medicalRecordPatient.exception,IdMedicalRecordNotFoundException,4,0,0,0,2,0,1,0,1,0
medicalRecordPatient,com.mediscreen.medicalRecordPatient.exception,BadRequestBodyException,4,0,0,0,2,0,1,0,1,0
